<?xml version="1.0" encoding="UTF-8"?>
<testsuite xmlns:xsi="http://www.w3.org/2001/XMLSchema-instance" xsi:noNamespaceSchemaLocation="https://maven.apache.org/surefire/maven-surefire-plugin/xsd/surefire-test-report.xsd" name="org.eclipse.leshan.integration.tests.BootstrapTest" time="4.238" tests="8" errors="0" skipped="0" failures="0">
  <properties>
[...]
</properties>
  <testcase name="bootstrap" classname="org.eclipse.leshan.integration.tests.BootstrapTest" time="0.502"/>
  <testcase name="bootstrapToRPKServer" classname="org.eclipse.leshan.integration.tests.BootstrapTest" time="0.798"/>
  <testcase name="bootstrapDeleteSecurity" classname="org.eclipse.leshan.integration.tests.BootstrapTest" time="0.173"/>
  <testcase name="bootstrapToPSKServer" classname="org.eclipse.leshan.integration.tests.BootstrapTest" time="0.763"/>
  <testcase name="bootstrapSecureWithBadPSKKey" classname="org.eclipse.leshan.integration.tests.BootstrapTest" time="1.261"/>
  <testcase name="bootstrapSecureWithPSK" classname="org.eclipse.leshan.integration.tests.BootstrapTest" time="0.309"/>
  <testcase name="bootstrapSecureWithRPK" classname="org.eclipse.leshan.integration.tests.BootstrapTest" time="0.272"/>
  <testcase name="bootstrapWithAcl" classname="org.eclipse.leshan.integration.tests.BootstrapTest" time="0.148"/>
</testsuite>