<?xml version="1.0" encoding="UTF-8"?>
<testsuite xmlns:xsi="http://www.w3.org/2001/XMLSchema-instance" xsi:noNamespaceSchemaLocation="https://maven.apache.org/surefire/maven-surefire-plugin/xsd/surefire-test-report.xsd" name="org.eclipse.leshan.LinkObjectTest" time="0.006" tests="10" errors="0" skipped="0" failures="0">
  <properties>
[...]
</properties>
  <testcase name="serialyse_with_attributes" classname="org.eclipse.leshan.LinkObjectTest" time="0.004"/>
  <testcase name="parse_then_serialyse_with_rt_attribute" classname="org.eclipse.leshan.LinkObjectTest" time="0"/>
  <testcase name="serialyse_ver_attributes_without_quote" classname="org.eclipse.leshan.LinkObjectTest" time="0"/>
  <testcase name="parse_with_quoted_attributes" classname="org.eclipse.leshan.LinkObjectTest" time="0.001"/>
  <testcase name="serialyse_then_parse_with_severals_attributes" classname="org.eclipse.leshan.LinkObjectTest" time="0"/>
  <testcase name="parse_quoted_ver_attributes" classname="org.eclipse.leshan.LinkObjectTest" time="0"/>
  <testcase name="parse_unquoted_ver_attributes" classname="org.eclipse.leshan.LinkObjectTest" time="0"/>
  <testcase name="parse_with_some_attributes" classname="org.eclipse.leshan.LinkObjectTest" time="0"/>
  <testcase name="serialyse_without_attribute" classname="org.eclipse.leshan.LinkObjectTest" time="0"/>
  <testcase name="serialyse_with_root_url" classname="org.eclipse.leshan.LinkObjectTest" time="0.001"/>
</testsuite>