<?xml version="1.0" encoding="UTF-8"?>
<testsuite xmlns:xsi="http://www.w3.org/2001/XMLSchema-instance" xsi:noNamespaceSchemaLocation="https://maven.apache.org/surefire/maven-surefire-plugin/xsd/surefire-test-report.xsd" name="org.eclipse.leshan.core.node.codec.LwM2mNodeDecoderTest" time="0.122" tests="41" errors="0" skipped="0" failures="0">
  <properties>
[...]
</properties>
  <testcase name="tlv_empty_single_resource" classname="org.eclipse.leshan.core.node.codec.LwM2mNodeDecoderTest" time="0.002"/>
  <testcase name="tlv_empty_instance" classname="org.eclipse.leshan.core.node.codec.LwM2mNodeDecoderTest" time="0"/>
  <testcase name="tlv_unknown_object__missing_instance_tlv" classname="org.eclipse.leshan.core.node.codec.LwM2mNodeDecoderTest" time="0.001"/>
  <testcase name="text_manufacturer_resource" classname="org.eclipse.leshan.core.node.codec.LwM2mNodeDecoderTest" time="0.001"/>
  <testcase name="json_missing_value_for_resource" classname="org.eclipse.leshan.core.node.codec.LwM2mNodeDecoderTest" time="0.014"/>
  <testcase name="json_custom_object_instance" classname="org.eclipse.leshan.core.node.codec.LwM2mNodeDecoderTest" time="0.003"/>
  <testcase name="tlv_empty_multi_resource" classname="org.eclipse.leshan.core.node.codec.LwM2mNodeDecoderTest" time="0"/>
  <testcase name="tlv_server_object_multi_instance_with_only_1_instance" classname="org.eclipse.leshan.core.node.codec.LwM2mNodeDecoderTest" time="0.001"/>
  <testcase name="tlv_empty_object" classname="org.eclipse.leshan.core.node.codec.LwM2mNodeDecoderTest" time="0"/>
  <testcase name="tlv_multi_instance_with_obj_link" classname="org.eclipse.leshan.core.node.codec.LwM2mNodeDecoderTest" time="0.001"/>
  <testcase name="json_device_object_instance0_without_basename" classname="org.eclipse.leshan.core.node.codec.LwM2mNodeDecoderTest" time="0.001"/>
  <testcase name="text_decode_should_throw_an_exception_for_invalid_base64" classname="org.eclipse.leshan.core.node.codec.LwM2mNodeDecoderTest" time="0.002"/>
  <testcase name="tlv_power_source__multiple_resource" classname="org.eclipse.leshan.core.node.codec.LwM2mNodeDecoderTest" time="0"/>
  <testcase name="json_empty_instance" classname="org.eclipse.leshan.core.node.codec.LwM2mNodeDecoderTest" time="0.001"/>
  <testcase name="tlv_device_object_instance0_from_resources_tlv" classname="org.eclipse.leshan.core.node.codec.LwM2mNodeDecoderTest" time="0.012"/>
  <testcase name="tlv_power_source__array_values" classname="org.eclipse.leshan.core.node.codec.LwM2mNodeDecoderTest" time="0"/>
  <testcase name="tlv_invalid_multi_resource_2_instance_with_the_same_id" classname="org.eclipse.leshan.core.node.codec.LwM2mNodeDecoderTest" time="0.007"/>
  <testcase name="tlv_instance_without_id_tlv" classname="org.eclipse.leshan.core.node.codec.LwM2mNodeDecoderTest" time="0"/>
  <testcase name="json_timestamped_instances" classname="org.eclipse.leshan.core.node.codec.LwM2mNodeDecoderTest" time="0"/>
  <testcase name="tlv_acl_object_multi_instance" classname="org.eclipse.leshan.core.node.codec.LwM2mNodeDecoderTest" time="0"/>
  <testcase name="json_cut_basename_name_in_the_middle_of_an_id" classname="org.eclipse.leshan.core.node.codec.LwM2mNodeDecoderTest" time="0"/>
  <testcase name="tlv_single_instance_with_obj_link" classname="org.eclipse.leshan.core.node.codec.LwM2mNodeDecoderTest" time="0.001"/>
  <testcase name="json_invalid_instance_2_resources_with_the_same_id" classname="org.eclipse.leshan.core.node.codec.LwM2mNodeDecoderTest" time="0"/>
  <testcase name="text_battery_resource" classname="org.eclipse.leshan.core.node.codec.LwM2mNodeDecoderTest" time="0"/>
  <testcase name="json_empty_multi_resource" classname="org.eclipse.leshan.core.node.codec.LwM2mNodeDecoderTest" time="0.011"/>
  <testcase name="json_timestamped_Object" classname="org.eclipse.leshan.core.node.codec.LwM2mNodeDecoderTest" time="0.001"/>
  <testcase name="json_invalid_multi_resource_2_instances_with_the_same_id" classname="org.eclipse.leshan.core.node.codec.LwM2mNodeDecoderTest" time="0.005"/>
  <testcase name="tlv_invalid_object_2_instances_with_the_same_id" classname="org.eclipse.leshan.core.node.codec.LwM2mNodeDecoderTest" time="0"/>
  <testcase name="json_empty_object" classname="org.eclipse.leshan.core.node.codec.LwM2mNodeDecoderTest" time="0.001"/>
  <testcase name="tlv_manufacturer_resource" classname="org.eclipse.leshan.core.node.codec.LwM2mNodeDecoderTest" time="0"/>
  <testcase name="text_decode_opaque_from_base64_string" classname="org.eclipse.leshan.core.node.codec.LwM2mNodeDecoderTest" time="0.001"/>
  <testcase name="tlv_device_object_instance0_from_resources_tlv__instance_expected" classname="org.eclipse.leshan.core.node.codec.LwM2mNodeDecoderTest" time="0"/>
  <testcase name="content_format_is_mandatory" classname="org.eclipse.leshan.core.node.codec.LwM2mNodeDecoderTest" time="0"/>
  <testcase name="tlv_resource_with_undesired_invalid_object_instance" classname="org.eclipse.leshan.core.node.codec.LwM2mNodeDecoderTest" time="0.001"/>
  <testcase name="tlv_invalid_object__instance_2_resources_with_the_same_id" classname="org.eclipse.leshan.core.node.codec.LwM2mNodeDecoderTest" time="0"/>
  <testcase name="json_device_object_instance0" classname="org.eclipse.leshan.core.node.codec.LwM2mNodeDecoderTest" time="0.012"/>
  <testcase name="json_empty_single_resource" classname="org.eclipse.leshan.core.node.codec.LwM2mNodeDecoderTest" time="0.009"/>
  <testcase name="json_device_object_instance0_with_empty_root_basename" classname="org.eclipse.leshan.core.node.codec.LwM2mNodeDecoderTest" time="0.001"/>
  <testcase name="tlv_resource_with_undesired_object_instance" classname="org.eclipse.leshan.core.node.codec.LwM2mNodeDecoderTest" time="0"/>
  <testcase name="json_timestamped_resources" classname="org.eclipse.leshan.core.node.codec.LwM2mNodeDecoderTest" time="0.001"/>
  <testcase name="tlv_device_object_instance0_from_instance_tlv" classname="org.eclipse.leshan.core.node.codec.LwM2mNodeDecoderTest" time="0"/>
</testsuite>